<?xml version="1.0" encoding="UTF-8"?>
<testsuites name="IE_HOMEPAGE_TestSuite" time="64" tests="3" failures="0" errors="0">
   <testsuite name="IE_HOMEPAGE_TestSuite" tests="3" failures="0" errors="0" time="64" timestamp="2019-04-01 10:21:48" hostname="vn50b7u - DW5AXDEVOS175.corp.dom" id="Test Suites/SmokeTestSuite/IE_HOMEPAGE_TestSuite">
      <properties>
         <property name="deviceName" value=""/>
         <property name="devicePlatform" value=""/>
         <property name="logFolder" value="C:\\Users\\vn50b7u\\Katalon Studio\\Demo\\Reports\\SmokeTestSuite\\IE_HOMEPAGE_TestSuite\\20190401_102141"/>
         <property name="logFiles" value="C:\\Users\\vn50b7u\\Katalon Studio\\Demo\\Reports\\SmokeTestSuite\\IE_HOMEPAGE_TestSuite\\20190401_102141\\execution0.log"/>
         <property name="attachments" value=""/>
         <property name="hostName" value="vn50b7u - DW5AXDEVOS175.corp.dom"/>
         <property name="os" value="Windows 10 64bit"/>
         <property name="katalonVersion" value="6.1.0.1"/>
         <property name="browser" value="Chrome 72.0.3626.121"/>
         <property name="hostAddress" value="10.96.245.244"/>
         <property name="sessionId" value="6f53145a7390da506b6f606e2b60251b"/>
         <property name="seleniumVersion" value="3.7.1"/>
         <property name="proxyInformation" value="ProxyInformation{proxyOption=NO_PROXY, proxyServerType=HTTP, password=, proxyServerAddress=, proxyServerPort=0}"/>
         <property name="platform" value="Windows 10"/>
      </properties>
      <testcase name="Test Cases/CoraHomePage/NavigateTO_IE_HOME" classname="Test Cases/CoraHomePage/NavigateTO_IE_HOME" status="PASSED">
         <system-out><![CDATA[2019-04-01 10:21:49 - [TEST_CASE][PASSED] - Test Cases/CoraHomePage/NavigateTO_IE_HOME: Test Cases/CoraHomePage/NavigateTO_IE_HOME

2019-04-01 10:21:49 - [TEST_STEP][PASSED] - callTestCase(findTestCase("Common_TestCase/OpenBrowserNavigateToURL"), [:], STOP_ON_FAILURE): Call Test Case 'Test Cases/Common_TestCase/OpenBrowserNavigateToURL' successfully

2019-04-01 10:21:50 - [TEST_CASE][PASSED] - Test Cases/Common_TestCase/OpenBrowserNavigateToURL: Test Cases/Common_TestCase/OpenBrowserNavigateToURL

2019-04-01 10:21:50 - [TEST_STEP][PASSED] - try: Wait for page load successfully

2019-04-01 10:21:50 - [TEST_STEP][PASSED] - openBrowser(""): Browser is opened with url: ''

2019-04-01 10:21:51 - [MESSAGE][INFO] - Starting 'Chrome' driver

2019-04-01 10:21:51 - [MESSAGE][INFO] - Action delay is set to 0 seconds

2019-04-01 10:21:57 - [MESSAGE][PASSED] - Browser is opened with url: ''

2019-04-01 10:21:57 - [TEST_STEP][PASSED] - navigateToUrl(QAURL): Navigate to 'http://hazr0240ada942.cloud.wal-mart.com' successfully

2019-04-01 10:22:00 - [MESSAGE][PASSED] - Navigate to 'http://hazr0240ada942.cloud.wal-mart.com' successfully

2019-04-01 10:22:00 - [TEST_STEP][PASSED] - maximizeWindow(): Current window maximized

2019-04-01 10:22:00 - [MESSAGE][PASSED] - Current window maximized

2019-04-01 10:22:00 - [TEST_STEP][PASSED] - waitForPageLoad(Timeout): Wait for page load successfully

2019-04-01 10:22:00 - [MESSAGE][PASSED] - Wait for page load successfully

2019-04-01 10:22:00 - [TEST_STEP][PASSED] - try: null

2019-04-01 10:22:00 - [TEST_STEP][PASSED] - verifyElementVisible(findTestObject("IE_HOME_Page_Object/Logo")): Object 'Object Repository/IE_HOME_Page_Object/Logo' is visible

2019-04-01 10:22:01 - [MESSAGE][PASSED] - Object 'Object Repository/IE_HOME_Page_Object/Logo' is visible

2019-04-01 10:22:01 - [TEST_STEP][PASSED] - println("Cora sequence Home page is displayed"): null

2019-04-01 10:22:01 - [MESSAGE][PASSED] - Call Test Case 'Test Cases/Common_TestCase/OpenBrowserNavigateToURL' successfully

2019-04-01 10:22:01 - [TEST_STEP][PASSED] - waitForElementPresent(findTestObject("IE_HOME_Page_Object/HOT_Operation"), Timeout): Object 'Object Repository/IE_HOME_Page_Object/HOT_Operation' is present

2019-04-01 10:22:01 - [MESSAGE][PASSED] - Object 'Object Repository/IE_HOME_Page_Object/HOT_Operation' is present

2019-04-01 10:22:01 - [TEST_STEP][PASSED] - click(findTestObject("IE_HOME_Page_Object/HOT_Operation")): Object: 'Object Repository/IE_HOME_Page_Object/HOT_Operation' is clicked on

2019-04-01 10:22:03 - [MESSAGE][PASSED] - Object: 'Object Repository/IE_HOME_Page_Object/HOT_Operation' is clicked on

2019-04-01 10:22:03 - [TEST_STEP][PASSED] - waitForElementPresent(findTestObject("IE_HOME_Page_Object/TaskList"), Timeout): Object 'Object Repository/IE_HOME_Page_Object/TaskList' is present

2019-04-01 10:22:03 - [MESSAGE][PASSED] - Object 'Object Repository/IE_HOME_Page_Object/TaskList' is present

2019-04-01 10:22:03 - [TEST_STEP][PASSED] - click(findTestObject("IE_HOME_Page_Object/TaskList")): Object: 'Object Repository/IE_HOME_Page_Object/TaskList' is clicked on

2019-04-01 10:22:04 - [MESSAGE][PASSED] - Object: 'Object Repository/IE_HOME_Page_Object/TaskList' is clicked on

2019-04-01 10:22:04 - [TEST_STEP][PASSED] - waitForElementPresent(findTestObject("IE_HOME_Page_Object/OpenLink"), Timeout): Object 'Object Repository/IE_HOME_Page_Object/OpenLink' is not present after 2 second(s)

2019-04-01 10:22:07 - [MESSAGE][INFO] - Unable to find the element located by 'By.xpath: (//tr)[1]/following::td[3]'. Please recheck the objects properties to make sure the desired element is located. 

2019-04-01 10:22:07 - [MESSAGE][WARNING] - Object 'Object Repository/IE_HOME_Page_Object/OpenLink' is not present after 2 second(s)

2019-04-01 10:22:07 - [TEST_STEP][PASSED] - click(findTestObject("IE_HOME_Page_Object/OpenLink")): Object: 'Object Repository/IE_HOME_Page_Object/OpenLink' is clicked on

2019-04-01 10:22:07 - [MESSAGE][PASSED] - Object: 'Object Repository/IE_HOME_Page_Object/OpenLink' is clicked on

2019-04-01 10:22:07 - [TEST_STEP][PASSED] - switchToWindowIndex(1): Switched to window with index: '1'

2019-04-01 10:22:07 - [MESSAGE][PASSED] - Switched to window with index: '1'

2019-04-01 10:22:07 - [TEST_STEP][PASSED] - verifyElementPresent(findTestObject("IE_HOME_Page_Object/IE_HomePage_Text"), Timeout): Object 'Object Repository/IE_HOME_Page_Object/IE_HomePage_Text' is present

2019-04-01 10:22:09 - [MESSAGE][PASSED] - Object 'Object Repository/IE_HOME_Page_Object/IE_HomePage_Text' is present

2019-04-01 10:22:09 - [TEST_STEP][PASSED] - Text = getText(findTestObject("IE_HOME_Page_Object/IE_HomePage_Text")): Text of object 'Object Repository/IE_HOME_Page_Object/IE_HomePage_Text' is: 'WALMART'

2019-04-01 10:22:09 - [MESSAGE][PASSED] - Text of object 'Object Repository/IE_HOME_Page_Object/IE_HomePage_Text' is: 'WALMART'

2019-04-01 10:22:09 - [TEST_STEP][PASSED] - println("IE Home page is displayed :" + Text): null]]></system-out>
         <system-err><![CDATA[]]></system-err>
      </testcase>
      <testcase name="Test Cases/CoraHomePage/IE_HOME_ShowMoreDetail" classname="Test Cases/CoraHomePage/IE_HOME_ShowMoreDetail" status="PASSED">
         <system-out><![CDATA[2019-04-01 10:22:09 - [TEST_CASE][PASSED] - Test Cases/CoraHomePage/IE_HOME_ShowMoreDetail: Test Cases/CoraHomePage/IE_HOME_ShowMoreDetail

2019-04-01 10:22:10 - [TEST_STEP][PASSED] - callTestCase(findTestCase("CoraHomePage/NavigateTO_IE_HOME"), [:], STOP_ON_FAILURE): Call Test Case 'Test Cases/CoraHomePage/NavigateTO_IE_HOME' successfully

2019-04-01 10:22:10 - [TEST_CASE][PASSED] - Test Cases/CoraHomePage/NavigateTO_IE_HOME: Test Cases/CoraHomePage/NavigateTO_IE_HOME

2019-04-01 10:22:11 - [TEST_STEP][PASSED] - callTestCase(findTestCase("Common_TestCase/OpenBrowserNavigateToURL"), [:], STOP_ON_FAILURE): Call Test Case 'Test Cases/Common_TestCase/OpenBrowserNavigateToURL' successfully

2019-04-01 10:22:11 - [TEST_CASE][PASSED] - Test Cases/Common_TestCase/OpenBrowserNavigateToURL: Test Cases/Common_TestCase/OpenBrowserNavigateToURL

2019-04-01 10:22:11 - [TEST_STEP][PASSED] - try: Wait for page load successfully

2019-04-01 10:22:11 - [TEST_STEP][PASSED] - openBrowser(""): Browser is opened with url: ''

2019-04-01 10:22:11 - [MESSAGE][WARNING] - A browser is already opened. Closing browser and opening a new one

2019-04-01 10:22:13 - [MESSAGE][INFO] - Starting 'Chrome' driver

2019-04-01 10:22:17 - [MESSAGE][PASSED] - Browser is opened with url: ''

2019-04-01 10:22:17 - [TEST_STEP][PASSED] - navigateToUrl(QAURL): Navigate to 'http://hazr0240ada942.cloud.wal-mart.com' successfully

2019-04-01 10:22:20 - [MESSAGE][PASSED] - Navigate to 'http://hazr0240ada942.cloud.wal-mart.com' successfully

2019-04-01 10:22:20 - [TEST_STEP][PASSED] - maximizeWindow(): Current window maximized

2019-04-01 10:22:20 - [MESSAGE][PASSED] - Current window maximized

2019-04-01 10:22:20 - [TEST_STEP][PASSED] - waitForPageLoad(Timeout): Wait for page load successfully

2019-04-01 10:22:21 - [MESSAGE][PASSED] - Wait for page load successfully

2019-04-01 10:22:21 - [TEST_STEP][PASSED] - try: null

2019-04-01 10:22:21 - [TEST_STEP][PASSED] - verifyElementVisible(findTestObject("IE_HOME_Page_Object/Logo")): Object 'Object Repository/IE_HOME_Page_Object/Logo' is visible

2019-04-01 10:22:21 - [MESSAGE][PASSED] - Object 'Object Repository/IE_HOME_Page_Object/Logo' is visible

2019-04-01 10:22:21 - [TEST_STEP][PASSED] - println("Cora sequence Home page is displayed"): null

2019-04-01 10:22:21 - [MESSAGE][PASSED] - Call Test Case 'Test Cases/Common_TestCase/OpenBrowserNavigateToURL' successfully

2019-04-01 10:22:21 - [TEST_STEP][PASSED] - waitForElementPresent(findTestObject("IE_HOME_Page_Object/HOT_Operation"), Timeout): Object 'Object Repository/IE_HOME_Page_Object/HOT_Operation' is present

2019-04-01 10:22:21 - [MESSAGE][PASSED] - Object 'Object Repository/IE_HOME_Page_Object/HOT_Operation' is present

2019-04-01 10:22:21 - [TEST_STEP][PASSED] - click(findTestObject("IE_HOME_Page_Object/HOT_Operation")): Object: 'Object Repository/IE_HOME_Page_Object/HOT_Operation' is clicked on

2019-04-01 10:22:23 - [MESSAGE][PASSED] - Object: 'Object Repository/IE_HOME_Page_Object/HOT_Operation' is clicked on

2019-04-01 10:22:23 - [TEST_STEP][PASSED] - waitForElementPresent(findTestObject("IE_HOME_Page_Object/TaskList"), Timeout): Object 'Object Repository/IE_HOME_Page_Object/TaskList' is present

2019-04-01 10:22:23 - [MESSAGE][PASSED] - Object 'Object Repository/IE_HOME_Page_Object/TaskList' is present

2019-04-01 10:22:23 - [TEST_STEP][PASSED] - click(findTestObject("IE_HOME_Page_Object/TaskList")): Object: 'Object Repository/IE_HOME_Page_Object/TaskList' is clicked on

2019-04-01 10:22:24 - [MESSAGE][PASSED] - Object: 'Object Repository/IE_HOME_Page_Object/TaskList' is clicked on

2019-04-01 10:22:24 - [TEST_STEP][PASSED] - waitForElementPresent(findTestObject("IE_HOME_Page_Object/OpenLink"), Timeout): Object 'Object Repository/IE_HOME_Page_Object/OpenLink' is not present after 2 second(s)

2019-04-01 10:22:27 - [MESSAGE][INFO] - Unable to find the element located by 'By.xpath: (//tr)[1]/following::td[3]'. Please recheck the objects properties to make sure the desired element is located. 

2019-04-01 10:22:27 - [MESSAGE][WARNING] - Object 'Object Repository/IE_HOME_Page_Object/OpenLink' is not present after 2 second(s)

2019-04-01 10:22:27 - [TEST_STEP][PASSED] - click(findTestObject("IE_HOME_Page_Object/OpenLink")): Object: 'Object Repository/IE_HOME_Page_Object/OpenLink' is clicked on

2019-04-01 10:22:27 - [MESSAGE][PASSED] - Object: 'Object Repository/IE_HOME_Page_Object/OpenLink' is clicked on

2019-04-01 10:22:27 - [TEST_STEP][PASSED] - switchToWindowIndex(1): Switched to window with index: '1'

2019-04-01 10:22:28 - [MESSAGE][PASSED] - Switched to window with index: '1'

2019-04-01 10:22:28 - [TEST_STEP][PASSED] - verifyElementPresent(findTestObject("IE_HOME_Page_Object/IE_HomePage_Text"), Timeout): Object 'Object Repository/IE_HOME_Page_Object/IE_HomePage_Text' is present

2019-04-01 10:22:29 - [MESSAGE][PASSED] - Object 'Object Repository/IE_HOME_Page_Object/IE_HomePage_Text' is present

2019-04-01 10:22:29 - [TEST_STEP][PASSED] - Text = getText(findTestObject("IE_HOME_Page_Object/IE_HomePage_Text")): Text of object 'Object Repository/IE_HOME_Page_Object/IE_HomePage_Text' is: 'WALMART'

2019-04-01 10:22:29 - [MESSAGE][PASSED] - Text of object 'Object Repository/IE_HOME_Page_Object/IE_HomePage_Text' is: 'WALMART'

2019-04-01 10:22:29 - [TEST_STEP][PASSED] - println("IE Home page is displayed :" + Text): null

2019-04-01 10:22:29 - [MESSAGE][PASSED] - Call Test Case 'Test Cases/CoraHomePage/NavigateTO_IE_HOME' successfully

2019-04-01 10:22:29 - [TEST_STEP][PASSED] - waitForElementPresent(findTestObject("IE_Home_ShowMoreDetail/ShowMoreDetails"), Timeout): Object 'Object Repository/IE_Home_ShowMoreDetail/ShowMoreDetails' is present

2019-04-01 10:22:29 - [MESSAGE][PASSED] - Object 'Object Repository/IE_Home_ShowMoreDetail/ShowMoreDetails' is present

2019-04-01 10:22:29 - [TEST_STEP][PASSED] - click(findTestObject("IE_Home_ShowMoreDetail/ShowMoreDetails")): Object: 'Object Repository/IE_Home_ShowMoreDetail/ShowMoreDetails' is clicked on

2019-04-01 10:22:30 - [MESSAGE][PASSED] - Object: 'Object Repository/IE_Home_ShowMoreDetail/ShowMoreDetails' is clicked on

2019-04-01 10:22:30 - [TEST_STEP][PASSED] - getAllDetails_IE_HomePage.IE_Homepage_Detail.getDetails(): getAllDetails_IE_HomePage.IE_Homepage_Detail.getDetails is PASSED

2019-04-01 10:22:30 - [MESSAGE][PASSED] - getAllDetails_IE_HomePage.IE_Homepage_Detail.getDetails is PASSED

2019-04-01 10:22:30 - [TEST_STEP][PASSED] - delay(2): Delayed 2 second(s)

2019-04-01 10:22:32 - [MESSAGE][PASSED] - Delayed 2 second(s)

2019-04-01 10:22:32 - [TEST_STEP][PASSED] - scrollToElement(findTestObject("IE_Home_ShowMoreDetail/ShowLessDetail"), Timeout): Scroll to object 'Object Repository/IE_Home_ShowMoreDetail/ShowLessDetail' successfully

2019-04-01 10:22:33 - [MESSAGE][PASSED] - Scroll to object 'Object Repository/IE_Home_ShowMoreDetail/ShowLessDetail' successfully

2019-04-01 10:22:33 - [TEST_STEP][PASSED] - getText(findTestObject("IE_Home_ShowMoreDetail/ShowLessDetail")): Text of object 'Object Repository/IE_Home_ShowMoreDetail/ShowLessDetail' is: 'Show Less Details'

2019-04-01 10:22:33 - [MESSAGE][PASSED] - Text of object 'Object Repository/IE_Home_ShowMoreDetail/ShowLessDetail' is: 'Show Less Details']]></system-out>
         <system-err><![CDATA[]]></system-err>
      </testcase>
      <testcase name="Test Cases/CoraHomePage/IE_Home_HistoryDetails" classname="Test Cases/CoraHomePage/IE_Home_HistoryDetails" status="PASSED">
         <system-out><![CDATA[2019-04-01 10:22:33 - [TEST_CASE][PASSED] - Test Cases/CoraHomePage/IE_Home_HistoryDetails: Test Cases/CoraHomePage/IE_Home_HistoryDetails

2019-04-01 10:22:33 - [TEST_STEP][PASSED] - callTestCase(findTestCase("CoraHomePage/NavigateTO_IE_HOME"), [:], STOP_ON_FAILURE): Call Test Case 'Test Cases/CoraHomePage/NavigateTO_IE_HOME' successfully

2019-04-01 10:22:33 - [TEST_CASE][PASSED] - Test Cases/CoraHomePage/NavigateTO_IE_HOME: Test Cases/CoraHomePage/NavigateTO_IE_HOME

2019-04-01 10:22:34 - [TEST_STEP][PASSED] - callTestCase(findTestCase("Common_TestCase/OpenBrowserNavigateToURL"), [:], STOP_ON_FAILURE): Call Test Case 'Test Cases/Common_TestCase/OpenBrowserNavigateToURL' successfully

2019-04-01 10:22:34 - [TEST_CASE][PASSED] - Test Cases/Common_TestCase/OpenBrowserNavigateToURL: Test Cases/Common_TestCase/OpenBrowserNavigateToURL

2019-04-01 10:22:34 - [TEST_STEP][PASSED] - try: Wait for page load successfully

2019-04-01 10:22:34 - [TEST_STEP][PASSED] - openBrowser(""): Browser is opened with url: ''

2019-04-01 10:22:34 - [MESSAGE][WARNING] - A browser is already opened. Closing browser and opening a new one

2019-04-01 10:22:35 - [MESSAGE][INFO] - Starting 'Chrome' driver

2019-04-01 10:22:39 - [MESSAGE][PASSED] - Browser is opened with url: ''

2019-04-01 10:22:39 - [TEST_STEP][PASSED] - navigateToUrl(QAURL): Navigate to 'http://hazr0240ada942.cloud.wal-mart.com' successfully

2019-04-01 10:22:41 - [MESSAGE][PASSED] - Navigate to 'http://hazr0240ada942.cloud.wal-mart.com' successfully

2019-04-01 10:22:41 - [TEST_STEP][PASSED] - maximizeWindow(): Current window maximized

2019-04-01 10:22:41 - [MESSAGE][PASSED] - Current window maximized

2019-04-01 10:22:41 - [TEST_STEP][PASSED] - waitForPageLoad(Timeout): Wait for page load successfully

2019-04-01 10:22:41 - [MESSAGE][PASSED] - Wait for page load successfully

2019-04-01 10:22:41 - [TEST_STEP][PASSED] - try: null

2019-04-01 10:22:41 - [TEST_STEP][PASSED] - verifyElementVisible(findTestObject("IE_HOME_Page_Object/Logo")): Object 'Object Repository/IE_HOME_Page_Object/Logo' is visible

2019-04-01 10:22:41 - [MESSAGE][PASSED] - Object 'Object Repository/IE_HOME_Page_Object/Logo' is visible

2019-04-01 10:22:41 - [TEST_STEP][PASSED] - println("Cora sequence Home page is displayed"): null

2019-04-01 10:22:41 - [MESSAGE][PASSED] - Call Test Case 'Test Cases/Common_TestCase/OpenBrowserNavigateToURL' successfully

2019-04-01 10:22:41 - [TEST_STEP][PASSED] - waitForElementPresent(findTestObject("IE_HOME_Page_Object/HOT_Operation"), Timeout): Object 'Object Repository/IE_HOME_Page_Object/HOT_Operation' is present

2019-04-01 10:22:41 - [MESSAGE][PASSED] - Object 'Object Repository/IE_HOME_Page_Object/HOT_Operation' is present

2019-04-01 10:22:41 - [TEST_STEP][PASSED] - click(findTestObject("IE_HOME_Page_Object/HOT_Operation")): Object: 'Object Repository/IE_HOME_Page_Object/HOT_Operation' is clicked on

2019-04-01 10:22:43 - [MESSAGE][PASSED] - Object: 'Object Repository/IE_HOME_Page_Object/HOT_Operation' is clicked on

2019-04-01 10:22:43 - [TEST_STEP][PASSED] - waitForElementPresent(findTestObject("IE_HOME_Page_Object/TaskList"), Timeout): Object 'Object Repository/IE_HOME_Page_Object/TaskList' is present

2019-04-01 10:22:43 - [MESSAGE][PASSED] - Object 'Object Repository/IE_HOME_Page_Object/TaskList' is present

2019-04-01 10:22:43 - [TEST_STEP][PASSED] - click(findTestObject("IE_HOME_Page_Object/TaskList")): Object: 'Object Repository/IE_HOME_Page_Object/TaskList' is clicked on

2019-04-01 10:22:44 - [MESSAGE][PASSED] - Object: 'Object Repository/IE_HOME_Page_Object/TaskList' is clicked on

2019-04-01 10:22:44 - [TEST_STEP][PASSED] - waitForElementPresent(findTestObject("IE_HOME_Page_Object/OpenLink"), Timeout): Object 'Object Repository/IE_HOME_Page_Object/OpenLink' is not present after 2 second(s)

2019-04-01 10:22:46 - [MESSAGE][INFO] - Unable to find the element located by 'By.xpath: (//tr)[1]/following::td[3]'. Please recheck the objects properties to make sure the desired element is located. 

2019-04-01 10:22:46 - [MESSAGE][WARNING] - Object 'Object Repository/IE_HOME_Page_Object/OpenLink' is not present after 2 second(s)

2019-04-01 10:22:46 - [TEST_STEP][PASSED] - click(findTestObject("IE_HOME_Page_Object/OpenLink")): Object: 'Object Repository/IE_HOME_Page_Object/OpenLink' is clicked on

2019-04-01 10:22:47 - [MESSAGE][PASSED] - Object: 'Object Repository/IE_HOME_Page_Object/OpenLink' is clicked on

2019-04-01 10:22:47 - [TEST_STEP][PASSED] - switchToWindowIndex(1): Switched to window with index: '1'

2019-04-01 10:22:47 - [MESSAGE][PASSED] - Switched to window with index: '1'

2019-04-01 10:22:47 - [TEST_STEP][PASSED] - verifyElementPresent(findTestObject("IE_HOME_Page_Object/IE_HomePage_Text"), Timeout): Object 'Object Repository/IE_HOME_Page_Object/IE_HomePage_Text' is present

2019-04-01 10:22:50 - [MESSAGE][PASSED] - Object 'Object Repository/IE_HOME_Page_Object/IE_HomePage_Text' is present

2019-04-01 10:22:50 - [TEST_STEP][PASSED] - Text = getText(findTestObject("IE_HOME_Page_Object/IE_HomePage_Text")): Text of object 'Object Repository/IE_HOME_Page_Object/IE_HomePage_Text' is: 'WALMART'

2019-04-01 10:22:50 - [MESSAGE][PASSED] - Text of object 'Object Repository/IE_HOME_Page_Object/IE_HomePage_Text' is: 'WALMART'

2019-04-01 10:22:50 - [TEST_STEP][PASSED] - println("IE Home page is displayed :" + Text): null

2019-04-01 10:22:50 - [MESSAGE][PASSED] - Call Test Case 'Test Cases/CoraHomePage/NavigateTO_IE_HOME' successfully

2019-04-01 10:22:50 - [TEST_STEP][PASSED] - getAllDetails_IE_HomePage.IE_Homepage_Detail.getDetailofHistory(): getAllDetails_IE_HomePage.IE_Homepage_Detail.getDetailofHistory is PASSED

2019-04-01 10:22:51 - [MESSAGE][PASSED] - getAllDetails_IE_HomePage.IE_Homepage_Detail.getDetailofHistory is PASSED]]></system-out>
         <system-err><![CDATA[]]></system-err>
      </testcase>
      <system-out><![CDATA[2019-04-01 10:21:48 - [TEST_SUITE][PASSED] - IE_HOMEPAGE_TestSuite: Test Cases/CoraHomePage/IE_Home_HistoryDetails]]></system-out>
      <system-err><![CDATA[]]></system-err>
   </testsuite>
</testsuites>
